
[azuracast] [2025-05-06 04:08:08]: ERROR
Title: Directory check for Jay Batson
Error Type: validation
Error Message: Directory does not exist
Request Details: {
  "stationId": "2",
  "djName": "Jay Batson"
}
Attempt: 1 of 3
---------------------------------------------

[azuracast] [2025-05-06 04:20:06]: ERROR
Title: Directory check for Jay Batson
Error Type: validation
Error Message: Directory does not exist
Request Details: {
  "stationId": "2",
  "djName": "Jay Batson"
}
Attempt: 1 of 3
---------------------------------------------

[azuracast] [2025-05-06 04:21:57]: ERROR
Title: Directory check for Jay Batson
Error Type: validation
Error Message: Directory does not exist
Request Details: {
  "stationId": "2",
  "djName": "Jay Batson"
}
Attempt: 1 of 3
---------------------------------------------

[azuracast] [2025-05-06 04:21:58]: ERROR
Title: Directory check for nonexistent-dj
Error Type: validation
Error Message: Directory does not exist
Request Details: {
  "stationId": "2",
  "djName": "nonexistent-dj"
}
Attempt: 1 of 3
---------------------------------------------

[azuracast] [2025-05-06 04:25:02]: ERROR
Title: Directory check for Jay Batson
Error Type: validation
Error Message: Directory does not exist
Request Details: {
  "stationId": "2",
  "djName": "Jay Batson"
}
Attempt: 1 of 3
---------------------------------------------

[azuracast] [2025-05-06 04:25:02]: ERROR
Title: Directory check for nonexistent-dj
Error Type: validation
Error Message: Directory does not exist
Request Details: {
  "stationId": "2",
  "djName": "nonexistent-dj"
}
Attempt: 1 of 3
---------------------------------------------

[azuracast] [2025-05-06 04:33:41]: ERROR
Title: Directory check for nonexistent-dj
Error Type: validation
Error Message: Directory does not exist
Request Details: {
  "stationId": "2",
  "djName": "nonexistent-dj"
}
Attempt: 1 of 3
---------------------------------------------

[azuracast] [2025-05-06 04:37:52]: ERROR
Title: Directory check for nonexistent-dj
Error Type: validation
Error Message: Directory does not exist
Request Details: {
  "stationId": "2",
  "djName": "nonexistent-dj"
}
Attempt: 1 of 3
---------------------------------------------

[azuracast] [2025-05-06 04:39:28]: ERROR
Title: Directory check for nonexistent-dj
Error Type: validation
Error Message: Directory does not exist
Request Details: {
  "stationId": "2",
  "djName": "nonexistent-dj"
}
Attempt: 1 of 3
---------------------------------------------
[azuracast]: error [2025-06-05 04:45:37]: Logging Test 04-45-37, No playlist found for DJ: Jay Batson
  Category: UNKNOWN
  Attempt: 1
  Details: {"audioFilePath":"/Users/balearicfm/Projects/uploadDistributor/packages/daemon/received-files/88e13d28-bcf9-408a-8b27-3cfd79276cd7/2025-06-05_Jay_Batson_Logging_Test_04-45-37.mp3","metadata":{"title":"Logging Test 04-45-37","artist":"Jay Batson","album":"2025-06-05 Broadcast","genre":"Deep House, Tech House, Progressive House"}}

[azuracast]: error [2025-06-05 15:23:37]: Logging Test 15-23-37, No playlist found for DJ: Jay Batson
  Category: UNKNOWN
  Attempt: 1
  Details: {"audioFilePath":"/Users/balearicfm/Projects/uploadDistributor/packages/daemon/received-files/b6170882-fe5b-4662-9894-af12c0b939f6/2025-06-05_Jay_Batson_Logging_Test_15-23-37.mp3","metadata":{"title":"Logging Test 15-23-37","artist":"Jay Batson","album":"2025-06-05 Broadcast","genre":"Deep House, Tech House, Progressive House"}}

[azuracast]: error [2025-06-05 15:30:01]: Live test 6 title, require is not defined
  Category: UNKNOWN
  Attempt: 1
  Details: {"audioFilePath":"/Users/balearicfm/Projects/uploadDistributor/packages/daemon/received-files/5c2b7a9f-b4ae-4f78-bfd9-e6d2e821526d/2025-06-05_catalyst_Live_test_6_title.mp3","metadata":{"title":"Live test 6 title","artist":"catalyst","album":"2025-06-05 Broadcast","genre":"House, Deep House"}}

[azuracast]: error [2025-06-05 15:30:02]: Live test 6 title, require is not defined
  Category: UNKNOWN
  Attempt: 1
  Details: {"audioFilePath":"/Users/balearicfm/Projects/uploadDistributor/packages/daemon/received-files/5c2b7a9f-b4ae-4f78-bfd9-e6d2e821526d/2025-06-05_catalyst_Live_test_6_title.mp3","metadata":{"title":"Live test 6 title","artist":"catalyst","album":"2025-06-05 Broadcast","genre":"House, Deep House"}}

[azuracast]: error [2025-06-05 15:30:04]: Live test 6 title, require is not defined
  Category: UNKNOWN
  Attempt: 1
  Details: {"audioFilePath":"/Users/balearicfm/Projects/uploadDistributor/packages/daemon/received-files/5c2b7a9f-b4ae-4f78-bfd9-e6d2e821526d/2025-06-05_catalyst_Live_test_6_title.mp3","metadata":{"title":"Live test 6 title","artist":"catalyst","album":"2025-06-05 Broadcast","genre":"House, Deep House"}}

[azuracast]: error [2025-06-05 15:30:04]: Live test 6 title, require is not defined
  Category: UNKNOWN
  Attempt: 1
  Details: {"audioFilePath":"/Users/balearicfm/Projects/uploadDistributor/packages/daemon/received-files/5c2b7a9f-b4ae-4f78-bfd9-e6d2e821526d/2025-06-05_catalyst_Live_test_6_title.mp3","metadata":{"title":"Live test 6 title","artist":"catalyst","album":"2025-06-05 Broadcast","genre":"House, Deep House"}}

[azuracast]: error [2025-06-05 15:31:08]: Live test 7 title, Object(App\Entity\Api\UploadFile).file:
    This value should not be blank. (code c1051bb4-d103-4f74-8988-acbcafc7fdc3)

  Category: UNKNOWN
  Attempt: 1
  Details: {"audioFilePath":"/Users/balearicfm/Projects/uploadDistributor/packages/daemon/received-files/69e7a26f-f5e6-40d0-be8e-22d8d22f19a0/2025-06-05_catalyst_Live_test_7_title.mp3","metadata":{"title":"Live test 7 title","artist":"catalyst","album":"2025-06-05 Broadcast","genre":"House, Deep House"}}

[azuracast]: error [2025-06-05 15:31:10]: Live test 7 title, Object(App\Entity\Api\UploadFile).file:
    This value should not be blank. (code c1051bb4-d103-4f74-8988-acbcafc7fdc3)

  Category: UNKNOWN
  Attempt: 1
  Details: {"audioFilePath":"/Users/balearicfm/Projects/uploadDistributor/packages/daemon/received-files/69e7a26f-f5e6-40d0-be8e-22d8d22f19a0/2025-06-05_catalyst_Live_test_7_title.mp3","metadata":{"title":"Live test 7 title","artist":"catalyst","album":"2025-06-05 Broadcast","genre":"House, Deep House"}}

[azuracast]: error [2025-06-05 15:31:12]: Live test 7 title, Object(App\Entity\Api\UploadFile).file:
    This value should not be blank. (code c1051bb4-d103-4f74-8988-acbcafc7fdc3)

  Category: UNKNOWN
  Attempt: 1
  Details: {"audioFilePath":"/Users/balearicfm/Projects/uploadDistributor/packages/daemon/received-files/69e7a26f-f5e6-40d0-be8e-22d8d22f19a0/2025-06-05_catalyst_Live_test_7_title.mp3","metadata":{"title":"Live test 7 title","artist":"catalyst","album":"2025-06-05 Broadcast","genre":"House, Deep House"}}

[azuracast]: error [2025-06-05 15:31:12]: Live test 7 title, Object(App\Entity\Api\UploadFile).file:
    This value should not be blank. (code c1051bb4-d103-4f74-8988-acbcafc7fdc3)

  Category: UNKNOWN
  Attempt: 1
  Details: {"audioFilePath":"/Users/balearicfm/Projects/uploadDistributor/packages/daemon/received-files/69e7a26f-f5e6-40d0-be8e-22d8d22f19a0/2025-06-05_catalyst_Live_test_7_title.mp3","metadata":{"title":"Live test 7 title","artist":"catalyst","album":"2025-06-05 Broadcast","genre":"House, Deep House"}}

[azuracast]: error [2025-06-07 20:20:59]: Live test 8 title, Object(App\Entity\Api\UploadFile).file:
    This value should not be blank. (code c1051bb4-d103-4f74-8988-acbcafc7fdc3)

  Category: UNKNOWN
  Attempt: 1
  Details: {"audioFilePath":"/Users/balearicfm/Projects/uploadDistributor/packages/daemon/received-files/17b3a47c-397f-46c3-baf4-7c25f8b8c579/2025-06-07_catalyst_Live_test_8_title.mp3","metadata":{"title":"Live test 8 title","artist":"catalyst","album":"2025-06-07 Broadcast","genre":"House, Deep House"}}

[azuracast]: error [2025-06-07 20:21:01]: Live test 8 title, Object(App\Entity\Api\UploadFile).file:
    This value should not be blank. (code c1051bb4-d103-4f74-8988-acbcafc7fdc3)

  Category: UNKNOWN
  Attempt: 1
  Details: {"audioFilePath":"/Users/balearicfm/Projects/uploadDistributor/packages/daemon/received-files/17b3a47c-397f-46c3-baf4-7c25f8b8c579/2025-06-07_catalyst_Live_test_8_title.mp3","metadata":{"title":"Live test 8 title","artist":"catalyst","album":"2025-06-07 Broadcast","genre":"House, Deep House"}}

[azuracast]: error [2025-06-07 20:21:04]: Live test 8 title, Object(App\Entity\Api\UploadFile).file:
    This value should not be blank. (code c1051bb4-d103-4f74-8988-acbcafc7fdc3)

  Category: UNKNOWN
  Attempt: 1
  Details: {"audioFilePath":"/Users/balearicfm/Projects/uploadDistributor/packages/daemon/received-files/17b3a47c-397f-46c3-baf4-7c25f8b8c579/2025-06-07_catalyst_Live_test_8_title.mp3","metadata":{"title":"Live test 8 title","artist":"catalyst","album":"2025-06-07 Broadcast","genre":"House, Deep House"}}

[azuracast]: error [2025-06-07 20:21:04]: Live test 8 title, Object(App\Entity\Api\UploadFile).file:
    This value should not be blank. (code c1051bb4-d103-4f74-8988-acbcafc7fdc3)

  Category: UNKNOWN
  Attempt: 1
  Details: {"audioFilePath":"/Users/balearicfm/Projects/uploadDistributor/packages/daemon/received-files/17b3a47c-397f-46c3-baf4-7c25f8b8c579/2025-06-07_catalyst_Live_test_8_title.mp3","metadata":{"title":"Live test 8 title","artist":"catalyst","album":"2025-06-07 Broadcast","genre":"House, Deep House"}}

[azuracast]: error [2025-06-07 20:22:01]: Live test 9 title, Object(App\Entity\Api\UploadFile).file:
    This value should not be blank. (code c1051bb4-d103-4f74-8988-acbcafc7fdc3)

  Category: UNKNOWN
  Attempt: 1
  Details: {"audioFilePath":"/Users/balearicfm/Projects/uploadDistributor/packages/daemon/received-files/9404e20b-b2bf-4cd8-8556-2b4d08f9b8fd/2025-06-07_catalyst_Live_test_9_title.mp3","metadata":{"title":"Live test 9 title","artist":"catalyst","album":"2025-06-07 Broadcast","genre":"House, Deep House"}}

[azuracast]: error [2025-06-07 20:22:03]: Live test 9 title, Object(App\Entity\Api\UploadFile).file:
    This value should not be blank. (code c1051bb4-d103-4f74-8988-acbcafc7fdc3)

  Category: UNKNOWN
  Attempt: 1
  Details: {"audioFilePath":"/Users/balearicfm/Projects/uploadDistributor/packages/daemon/received-files/9404e20b-b2bf-4cd8-8556-2b4d08f9b8fd/2025-06-07_catalyst_Live_test_9_title.mp3","metadata":{"title":"Live test 9 title","artist":"catalyst","album":"2025-06-07 Broadcast","genre":"House, Deep House"}}

[azuracast]: error [2025-06-07 20:22:05]: Live test 9 title, Object(App\Entity\Api\UploadFile).file:
    This value should not be blank. (code c1051bb4-d103-4f74-8988-acbcafc7fdc3)

  Category: UNKNOWN
  Attempt: 1
  Details: {"audioFilePath":"/Users/balearicfm/Projects/uploadDistributor/packages/daemon/received-files/9404e20b-b2bf-4cd8-8556-2b4d08f9b8fd/2025-06-07_catalyst_Live_test_9_title.mp3","metadata":{"title":"Live test 9 title","artist":"catalyst","album":"2025-06-07 Broadcast","genre":"House, Deep House"}}

[azuracast]: error [2025-06-07 20:22:05]: Live test 9 title, Object(App\Entity\Api\UploadFile).file:
    This value should not be blank. (code c1051bb4-d103-4f74-8988-acbcafc7fdc3)

  Category: UNKNOWN
  Attempt: 1
  Details: {"audioFilePath":"/Users/balearicfm/Projects/uploadDistributor/packages/daemon/received-files/9404e20b-b2bf-4cd8-8556-2b4d08f9b8fd/2025-06-07_catalyst_Live_test_9_title.mp3","metadata":{"title":"Live test 9 title","artist":"catalyst","album":"2025-06-07 Broadcast","genre":"House, Deep House"}}

[azuracast]: error [2025-06-07 20:23:03]: Live test 10 title, Object(App\Entity\Api\UploadFile).file:
    This value should not be blank. (code c1051bb4-d103-4f74-8988-acbcafc7fdc3)

  Category: UNKNOWN
  Attempt: 1
  Details: {"audioFilePath":"/Users/balearicfm/Projects/uploadDistributor/packages/daemon/received-files/69536d3e-3f30-4f3d-ae28-a3c8e1d934b3/2025-06-07_catalyst_Live_test_10_title.mp3","metadata":{"title":"Live test 10 title","artist":"catalyst","album":"2025-06-07 Broadcast","genre":"House, Deep House"}}

[azuracast]: error [2025-06-07 20:23:04]: Live test 10 title, Object(App\Entity\Api\UploadFile).file:
    This value should not be blank. (code c1051bb4-d103-4f74-8988-acbcafc7fdc3)

  Category: UNKNOWN
  Attempt: 1
  Details: {"audioFilePath":"/Users/balearicfm/Projects/uploadDistributor/packages/daemon/received-files/69536d3e-3f30-4f3d-ae28-a3c8e1d934b3/2025-06-07_catalyst_Live_test_10_title.mp3","metadata":{"title":"Live test 10 title","artist":"catalyst","album":"2025-06-07 Broadcast","genre":"House, Deep House"}}

[azuracast]: error [2025-06-07 20:23:07]: Live test 10 title, Object(App\Entity\Api\UploadFile).file:
    This value should not be blank. (code c1051bb4-d103-4f74-8988-acbcafc7fdc3)

  Category: UNKNOWN
  Attempt: 1
  Details: {"audioFilePath":"/Users/balearicfm/Projects/uploadDistributor/packages/daemon/received-files/69536d3e-3f30-4f3d-ae28-a3c8e1d934b3/2025-06-07_catalyst_Live_test_10_title.mp3","metadata":{"title":"Live test 10 title","artist":"catalyst","album":"2025-06-07 Broadcast","genre":"House, Deep House"}}

[azuracast]: error [2025-06-07 20:23:07]: Live test 10 title, Object(App\Entity\Api\UploadFile).file:
    This value should not be blank. (code c1051bb4-d103-4f74-8988-acbcafc7fdc3)

  Category: UNKNOWN
  Attempt: 1
  Details: {"audioFilePath":"/Users/balearicfm/Projects/uploadDistributor/packages/daemon/received-files/69536d3e-3f30-4f3d-ae28-a3c8e1d934b3/2025-06-07_catalyst_Live_test_10_title.mp3","metadata":{"title":"Live test 10 title","artist":"catalyst","album":"2025-06-07 Broadcast","genre":"House, Deep House"}}

[azuracast]: error [2025-06-07 23:57:27]: Live test 11 title, File ID 1035 not found
  Category: UNKNOWN
  Attempt: 1
  Details: {"trackId":1035,"metadata":{"title":"Live test 11 title","artist":"catalyst","album":"2025-06-07 Broadcast","genre":"House, Deep House"},"playlistId":"1"}

[azuracast]: error [2025-06-07 23:57:28]: Live test 11 title, File ID 1035 not found
  Category: UNKNOWN
  Attempt: 1
  Details: {"trackId":1035,"metadata":{"title":"Live test 11 title","artist":"catalyst","album":"2025-06-07 Broadcast","genre":"House, Deep House"},"playlistId":"1"}

[azuracast]: error [2025-06-07 23:57:31]: Live test 11 title, File ID 1035 not found
  Category: UNKNOWN
  Attempt: 1
  Details: {"trackId":1035,"metadata":{"title":"Live test 11 title","artist":"catalyst","album":"2025-06-07 Broadcast","genre":"House, Deep House"},"playlistId":"1"}

[azuracast]: error [2025-06-07 23:57:31]: Live test 11 title, File ID 1035 not found
  Category: UNKNOWN
  Attempt: 1
  Details: {"audioFilePath":"/Users/balearicfm/Projects/uploadDistributor/packages/daemon/received-files/8fa761e3-ccd4-4b8c-a373-069874ab6b15/2025-06-07_catalyst_Live_test_11_title.mp3","metadata":{"title":"Live test 11 title","artist":"catalyst","album":"2025-06-07 Broadcast","genre":"House, Deep House"}}

[azuracast]: error [2025-06-07 23:58:56]: Live test 12 title, Method not allowed. Must be one of: GET, OPTIONS, DELETE, PUT
  Category: UNKNOWN
  Attempt: 1
  Details: {"trackId":1036,"metadata":{"title":"Live test 12 title","artist":"catalyst","album":"2025-06-07 Broadcast","genre":"House, Deep House"},"playlistId":"1"}

[azuracast]: error [2025-06-07 23:58:57]: Live test 12 title, Method not allowed. Must be one of: GET, OPTIONS, DELETE, PUT
  Category: UNKNOWN
  Attempt: 1
  Details: {"trackId":1036,"metadata":{"title":"Live test 12 title","artist":"catalyst","album":"2025-06-07 Broadcast","genre":"House, Deep House"},"playlistId":"1"}

[azuracast]: error [2025-06-07 23:59:00]: Live test 12 title, Method not allowed. Must be one of: GET, OPTIONS, DELETE, PUT
  Category: UNKNOWN
  Attempt: 1
  Details: {"trackId":1036,"metadata":{"title":"Live test 12 title","artist":"catalyst","album":"2025-06-07 Broadcast","genre":"House, Deep House"},"playlistId":"1"}

[azuracast]: error [2025-06-07 23:59:00]: Live test 12 title, Method not allowed. Must be one of: GET, OPTIONS, DELETE, PUT
  Category: UNKNOWN
  Attempt: 1
  Details: {"audioFilePath":"/Users/balearicfm/Projects/uploadDistributor/packages/daemon/received-files/b671b42f-86ee-4292-a76d-206b3a8e4297/2025-06-07_catalyst_Live_test_12_title.mp3","metadata":{"title":"Live test 12 title","artist":"catalyst","album":"2025-06-07 Broadcast","genre":"House, Deep House"}}

[azuracast]: error [2025-06-08 00:07:45]: Scheduling Live Test 1, Record not found
  Category: UNKNOWN
  Attempt: 1
  Details: {"playlistId":"1","scheduleItems":[{"start_date":"2025-06-07","start_time":"21:00","end_time":"22:00:00","loop_once":true}]}

[azuracast]: error [2025-06-08 00:07:46]: Scheduling Live Test 1, Record not found
  Category: UNKNOWN
  Attempt: 1
  Details: {"playlistId":"1","scheduleItems":[{"start_date":"2025-06-07","start_time":"21:00","end_time":"22:00:00","loop_once":true}]}

[azuracast]: error [2025-06-08 00:07:49]: Scheduling Live Test 1, Record not found
  Category: UNKNOWN
  Attempt: 1
  Details: {"playlistId":"1","scheduleItems":[{"start_date":"2025-06-07","start_time":"21:00","end_time":"22:00:00","loop_once":true}]}

[azuracast]: error [2025-06-08 00:07:49]: Scheduling Live Test 1, Record not found
  Category: UNKNOWN
  Attempt: 1
  Details: {"audioFilePath":"/Users/balearicfm/Projects/uploadDistributor/packages/daemon/received-files/9618c022-360b-4ee5-94aa-8ba7631020cd/2025-06-07_catalyst_Scheduling_Live_Test_1.mp3","metadata":{"title":"Scheduling Live Test 1","artist":"catalyst","album":"2025-06-07 Broadcast","genre":"House, Deep House"}}

